[uWSGI] getting INI configuration from /root/document/python-web/uwsgi.ini
*** Starting uWSGI 2.0.18 (64bit) on [Sun Jan 19 14:21:46 2020] ***
compiled with version: 7.4.0 on 19 January 2020 03:28:08
os: Linux-4.15.0-66-generic #75-Ubuntu SMP Tue Oct 1 05:24:09 UTC 2019
nodename: luckyxuki
machine: x86_64
clock source: unix
detected number of CPU cores: 1
current working directory: /root/document/python-web
detected binary path: /usr/local/bin/uwsgi
!!! no internal routing support, rebuild with pcre support !!!
uWSGI running as root, you can use --uid/--gid/--chroot options
*** WARNING: you are running uWSGI as root !!! (use the --uid flag) *** 
chdir() to /root/document/python-web
your processes number limit is 3767
your memory page size is 4096 bytes
detected max file descriptor number: 65535
lock engine: pthread robust mutexes
thunder lock: disabled (you can enable it with --thunder-lock)
uWSGI http bound on 0.0.0.0:5000 fd 3
uwsgi socket 0 bound to TCP address 127.0.0.1:3031 fd 6
uWSGI running as root, you can use --uid/--gid/--chroot options
*** WARNING: you are running uWSGI as root !!! (use the --uid flag) *** 
Python version: 3.6.8 (default, Oct  7 2019, 12:59:55)  [GCC 8.3.0]
Python main interpreter initialized at 0x55a5b374eaf0
uWSGI running as root, you can use --uid/--gid/--chroot options
*** WARNING: you are running uWSGI as root !!! (use the --uid flag) *** 
python threads support enabled
your server socket listen backlog is limited to 100 connections
your mercy for graceful operations on workers is 60 seconds
mapped 416880 bytes (407 KB) for 8 cores
*** Operational MODE: preforking+threaded ***
WSGI app 0 (mountpoint='') ready in 1 seconds on interpreter 0x55a5b374eaf0 pid: 12931 (default app)
uWSGI running as root, you can use --uid/--gid/--chroot options
*** WARNING: you are running uWSGI as root !!! (use the --uid flag) *** 
*** uWSGI is running in multiple interpreter mode ***
spawned uWSGI master process (pid: 12931)
spawned uWSGI worker 1 (pid: 12933, cores: 2)
spawned uWSGI worker 2 (pid: 12934, cores: 2)
spawned uWSGI worker 3 (pid: 12935, cores: 2)
spawned uWSGI worker 4 (pid: 12936, cores: 2)
*** Stats server enabled on 127.0.0.1:9191 fd: 18 ***
spawned uWSGI http 1 (pid: 12937)
